andorid/FinClip-Uniapp-demo/app/build/intermediates/manifest_merge_blame_file/release/manifest-merger-blame-release-report.txt
1<?xml version="1.0" encoding="utf-8"?>
2<manifest xmlns:android="http://schemas.android.com/apk/res/android"
3    package="com.finogeeks.test.app"
4    android:versionCode="1"
5    android:versionName="1.0" >
6
7    <uses-sdk
8        android:minSdkVersion="21"
8-->src/main/AndroidManifest.xml
9        android:targetSdkVersion="32" />
9-->src/main/AndroidManifest.xml
10
11    <supports-screens
11-->[lib.5plus.base-release.aar] AndroidManifest.xml:9:5-14:39
12        android:anyDensity="true"
12-->[lib.5plus.base-release.aar] AndroidManifest.xml:10:9-34
13        android:largeScreens="true"
13-->[lib.5plus.base-release.aar] AndroidManifest.xml:11:9-36
14        android:normalScreens="true"
14-->[lib.5plus.base-release.aar] AndroidManifest.xml:12:9-37
15        android:resizeable="true"
15-->[lib.5plus.base-release.aar] AndroidManifest.xml:13:9-34
16        android:smallScreens="true" />
16-->[lib.5plus.base-release.aar] AndroidManifest.xml:14:9-36
17
18    <uses-permission android:name="android.permission.WRITE_EXTERNAL_STORAGE" />
18-->[lib.5plus.base-release.aar] AndroidManifest.xml:16:5-81
18-->[lib.5plus.base-release.aar] AndroidManifest.xml:16:22-78
19    <uses-permission android:name="android.permission.INTERNET" />
19-->[lib.5plus.base-release.aar] AndroidManifest.xml:17:5-67
19-->[lib.5plus.base-release.aar] AndroidManifest.xml:17:22-64
20    <uses-permission android:name="android.permission.ACCESS_NETWORK_STATE" />
20-->[lib.5plus.base-release.aar] AndroidManifest.xml:18:5-79
20-->[lib.5plus.base-release.aar] AndroidManifest.xml:18:22-76
21    <!--
22    <uses-permission
23        android:name="com.android.launcher.permission.UNINSTALL_SHORTCUT" />
24    -->
25    <!-- 华为修改角标需要设置权限 -->
26    <uses-permission android:name="com.huawei.android.launcher.permission.CHANGE_BADGE" /> <!-- vivo 修改角标需要设置权限 -->
26-->[lib.5plus.base-release.aar] AndroidManifest.xml:24:5-91
26-->[lib.5plus.base-release.aar] AndroidManifest.xml:24:22-88
27    <uses-permission android:name="com.vivo.notification.permission.BADGE_ICON" />
27-->[lib.5plus.base-release.aar] AndroidManifest.xml:26:5-83
27-->[lib.5plus.base-release.aar] AndroidManifest.xml:26:22-80
28
29    <queries>
29-->[lib.5plus.base-release.aar] AndroidManifest.xml:28:5-37:15
30        <intent>
30-->[lib.5plus.base-release.aar] AndroidManifest.xml:29:9-31:18
31            <action android:name="android.intent.action.MAIN" />
31-->src/main/AndroidManifest.xml:23:17-69
31-->src/main/AndroidManifest.xml:23:25-66
32        </intent>
33        <intent>
33-->[lib.5plus.base-release.aar] AndroidManifest.xml:32:9-36:18
34            <action android:name="android.intent.action.VIEW" />
34-->src/main/AndroidManifest.xml:40:17-69
34-->src/main/AndroidManifest.xml:40:25-66
35
36            <category android:name="android.intent.category.DEFAULT" />
36-->src/main/AndroidManifest.xml:38:17-76
36-->src/main/AndroidManifest.xml:38:27-73
37        </intent>
38    </queries>
39
40    <uses-permission android:name="android.permission.READ_EXTERNAL_STORAGE" />
41    <uses-permission android:name="com.asus.msa.SupplementaryDID.ACCESS" />
41-->[oaid_sdk_1.0.25.aar] AndroidManifest.xml:13:5-76
41-->[oaid_sdk_1.0.25.aar] AndroidManifest.xml:13:22-73
42    <uses-permission android:name="freemme.permission.msa" />
42-->[oaid_sdk_1.0.25.aar] AndroidManifest.xml:15:5-62
42-->[oaid_sdk_1.0.25.aar] AndroidManifest.xml:15:22-59
43    <uses-permission android:name="android.permission.ACCESS_WIFI_STATE" />
43-->[:uniplugins_mopsdk] AndroidManifest.xml:11:5-76
43-->[:uniplugins_mopsdk] AndroidManifest.xml:11:22-73
44    <uses-permission android:name="android.permission.REORDER_TASKS" />
44-->[:uniplugins_mopsdk] AndroidManifest.xml:14:5-72
44-->[:uniplugins_mopsdk] AndroidManifest.xml:14:22-69
45    <uses-permission android:name="android.permission.CAMERA" />
45-->[:uniplugins_mopsdk] AndroidManifest.xml:15:5-65
45-->[:uniplugins_mopsdk] AndroidManifest.xml:15:22-62
46    <uses-permission android:name="android.permission.RECORD_AUDIO" />
46-->[:uniplugins_mopsdk] AndroidManifest.xml:16:5-71
46-->[:uniplugins_mopsdk] AndroidManifest.xml:16:22-68
47    <uses-permission android:name="android.permission.READ_PHONE_STATE" /> <!-- 后台播放音频需要 -->
47-->[:uniplugins_mopsdk] AndroidManifest.xml:17:5-75
47-->[:uniplugins_mopsdk] AndroidManifest.xml:17:22-72
48    <uses-permission android:name="android.permission.FOREGROUND_SERVICE" />
48-->[:uniplugins_mopsdk] AndroidManifest.xml:18:5-77
48-->[:uniplugins_mopsdk] AndroidManifest.xml:18:22-74
49
50    <uses-feature android:name="android.hardware.camera" />
50-->[:uniplugins_mopsdk] AndroidManifest.xml:20:5-60
50-->[:uniplugins_mopsdk] AndroidManifest.xml:20:19-57
51    <uses-feature android:name="android.hardware.camera.autofocus" />
51-->[:uniplugins_mopsdk] AndroidManifest.xml:21:5-70
51-->[:uniplugins_mopsdk] AndroidManifest.xml:21:19-67
52
53    <permission
53-->[:uniplugins_mopsdk] AndroidManifest.xml:23:5-25:47
54        android:name="com.finogeeks.test.app.permission.FIN_APPLET_RECEIVER"
54-->[:uniplugins_mopsdk] AndroidManifest.xml:24:9-71
55        android:protectionLevel="signature" />
55-->[:uniplugins_mopsdk] AndroidManifest.xml:25:9-44
56
57    <uses-permission android:name="com.finogeeks.test.app.permission.FIN_APPLET_RECEIVER" />
57-->[:uniplugins_mopsdk] AndroidManifest.xml:27:5-87
57-->[:uniplugins_mopsdk] AndroidManifest.xml:27:22-84
58
59    <application
59-->src/main/AndroidManifest.xml:5:5-47:19
60        android:name="io.dcloud.application.DCloudApplication"
60-->[lib.5plus.base-release.aar] AndroidManifest.xml:170:9-63
61        android:allowBackup="true"
61-->src/main/AndroidManifest.xml:6:9-35
62        android:allowClearUserData="true"
62-->src/main/AndroidManifest.xml:7:9-42
63        android:appComponentFactory="androidx.core.app.CoreComponentFactory"
63-->[androidx.core:core:1.0.0] AndroidManifest.xml:22:18-86
64        android:extractNativeLibs="true"
64-->[uniapp-v8-release.aar] AndroidManifest.xml:29:18-50
65        android:icon="@drawable/icon"
65-->src/main/AndroidManifest.xml:8:9-38
66        android:label="@string/app_name"
66-->src/main/AndroidManifest.xml:9:9-41
67        android:largeHeap="true"
67-->src/main/AndroidManifest.xml:10:9-33
68        android:supportsRtl="true"
68-->src/main/AndroidManifest.xml:11:9-35
69        android:usesCleartextTraffic="true" >
69-->[lib.5plus.base-release.aar] AndroidManifest.xml:172:9-44
70        <activity
70-->src/main/AndroidManifest.xml:12:9-26:20
71            android:name="io.dcloud.PandoraEntry"
71-->src/main/AndroidManifest.xml:13:13-50
72            android:configChanges="orientation|keyboardHidden|keyboard|navigation"
72-->src/main/AndroidManifest.xml:14:13-83
73            android:exported="true"
73-->src/main/AndroidManifest.xml:21:13-36
74            android:hardwareAccelerated="true"
74-->src/main/AndroidManifest.xml:17:13-47
75            android:label="@string/app_name"
75-->src/main/AndroidManifest.xml:15:13-45
76            android:launchMode="singleTask"
76-->src/main/AndroidManifest.xml:16:13-44
77            android:screenOrientation="user"
77-->src/main/AndroidManifest.xml:19:13-45
78            android:theme="@style/TranslucentTheme"
78-->src/main/AndroidManifest.xml:18:13-52
79            android:windowSoftInputMode="adjustResize" >
79-->src/main/AndroidManifest.xml:20:13-55
80            <intent-filter>
80-->src/main/AndroidManifest.xml:22:13-25:29
81                <action android:name="android.intent.action.MAIN" />
81-->src/main/AndroidManifest.xml:23:17-69
81-->src/main/AndroidManifest.xml:23:25-66
82
83                <category android:name="android.intent.category.LAUNCHER" />
83-->src/main/AndroidManifest.xml:24:17-77
83-->src/main/AndroidManifest.xml:24:27-74
84            </intent-filter>
85        </activity>
86        <activity
86-->src/main/AndroidManifest.xml:27:9-43:20
87            android:name="io.dcloud.PandoraEntryActivity"
87-->src/main/AndroidManifest.xml:28:13-58
88            android:configChanges="orientation|keyboardHidden|screenSize|mcc|mnc|fontScale|keyboard|smallestScreenSize|screenLayout|screenSize"
88-->src/main/AndroidManifest.xml:30:13-144
89            android:exported="true"
89-->src/main/AndroidManifest.xml:36:13-36
90            android:hardwareAccelerated="true"
90-->src/main/AndroidManifest.xml:31:13-47
91            android:launchMode="singleTask"
91-->src/main/AndroidManifest.xml:29:13-44
92            android:permission="com.miui.securitycenter.permission.AppPermissionsEditor"
92-->src/main/AndroidManifest.xml:32:13-89
93            android:screenOrientation="user"
93-->src/main/AndroidManifest.xml:33:13-45
94            android:theme="@style/DCloudTheme"
94-->src/main/AndroidManifest.xml:34:13-47
95            android:windowSoftInputMode="adjustResize" >
95-->src/main/AndroidManifest.xml:35:13-55
96            <intent-filter>
96-->src/main/AndroidManifest.xml:37:13-42:29
97                <category android:name="android.intent.category.DEFAULT" />
97-->src/main/AndroidManifest.xml:38:17-76
97-->src/main/AndroidManifest.xml:38:27-73
98                <category android:name="android.intent.category.BROWSABLE" />
98-->src/main/AndroidManifest.xml:39:17-78
98-->src/main/AndroidManifest.xml:39:27-75
99
100                <action android:name="android.intent.action.VIEW" />
100-->src/main/AndroidManifest.xml:40:17-69
100-->src/main/AndroidManifest.xml:40:25-66
101
102                <data android:scheme="h56131bcf" />
102-->src/main/AndroidManifest.xml:41:17-52
102-->src/main/AndroidManifest.xml:41:23-49
103            </intent-filter>
104        </activity>
105
106        <meta-data
106-->src/main/AndroidManifest.xml:44:9-46:64
107            android:name="dcloud_appkey"
107-->src/main/AndroidManifest.xml:45:13-41
108            android:value="2ecb850a32c9250ffb25ae66ce4fde2a" />
108-->src/main/AndroidManifest.xml:46:13-61
109        <!--
110        <activity
111            android:name="io.dcloud.imagepick.CustomGalleryActivity"
112            android:noHistory="true"
113            android:exported="false"/>
114        -->
115        <activity
115-->[lib.5plus.base-release.aar] AndroidManifest.xml:181:9-187:58
116            android:name="io.dcloud.feature.nativeObj.photoview.PhotoActivity"
116-->[lib.5plus.base-release.aar] AndroidManifest.xml:182:13-79
117            android:configChanges="orientation|keyboardHidden"
117-->[lib.5plus.base-release.aar] AndroidManifest.xml:183:13-63
118            android:exported="false"
118-->[lib.5plus.base-release.aar] AndroidManifest.xml:184:13-37
119            android:noHistory="false"
119-->[lib.5plus.base-release.aar] AndroidManifest.xml:185:13-38
120            android:screenOrientation="behind"
120-->[lib.5plus.base-release.aar] AndroidManifest.xml:186:13-47
121            android:theme="@style/DeviceDefault.Light" />
121-->[lib.5plus.base-release.aar] AndroidManifest.xml:187:13-55
122        <activity
122-->[lib.5plus.base-release.aar] AndroidManifest.xml:188:9-197:58
123            android:name="io.dcloud.WebAppActivity"
123-->[lib.5plus.base-release.aar] AndroidManifest.xml:189:13-52
124            android:configChanges="orientation|keyboard|keyboardHidden|smallestScreenSize|screenLayout|screenSize|mcc|mnc|fontScale|navigation"
124-->[lib.5plus.base-release.aar] AndroidManifest.xml:190:13-144
125            android:hardwareAccelerated="true"
125-->[lib.5plus.base-release.aar] AndroidManifest.xml:191:13-47
126            android:icon="@drawable/dcloud_recent"
126-->[lib.5plus.base-release.aar] AndroidManifest.xml:192:13-51
127            android:label="@string/stream_my"
127-->[lib.5plus.base-release.aar] AndroidManifest.xml:193:13-46
128            android:launchMode="singleTask"
128-->[lib.5plus.base-release.aar] AndroidManifest.xml:194:13-44
129            android:screenOrientation="portrait"
129-->[lib.5plus.base-release.aar] AndroidManifest.xml:195:13-49
130            android:theme="@style/DCloudTheme"
130-->[lib.5plus.base-release.aar] AndroidManifest.xml:196:13-47
131            android:windowSoftInputMode="adjustResize" />
131-->[lib.5plus.base-release.aar] AndroidManifest.xml:197:13-55
132        <activity
132-->[lib.5plus.base-release.aar] AndroidManifest.xml:198:9-202:75
133            android:name="io.dcloud.ProcessMediator"
133-->[lib.5plus.base-release.aar] AndroidManifest.xml:199:13-53
134            android:excludeFromRecents="true"
134-->[lib.5plus.base-release.aar] AndroidManifest.xml:200:13-46
135            android:exported="false"
135-->[lib.5plus.base-release.aar] AndroidManifest.xml:201:13-37
136            android:theme="@android:style/Theme.Translucent.NoTitleBar" />
136-->[lib.5plus.base-release.aar] AndroidManifest.xml:202:13-72
137        <activity
137-->[lib.5plus.base-release.aar] AndroidManifest.xml:203:9-209:20
138            android:name="io.dcloud.WebviewActivity"
138-->[lib.5plus.base-release.aar] AndroidManifest.xml:204:13-53
139            android:exported="false"
139-->[lib.5plus.base-release.aar] AndroidManifest.xml:205:13-37
140            android:screenOrientation="portrait"
140-->[lib.5plus.base-release.aar] AndroidManifest.xml:206:13-49
141            android:theme="@style/ThemeNoTitleBar"
141-->[lib.5plus.base-release.aar] AndroidManifest.xml:207:13-51
142            android:windowSoftInputMode="adjustPan" >
142-->[lib.5plus.base-release.aar] AndroidManifest.xml:208:13-52
143        </activity>
144
145        <receiver
145-->[lib.5plus.base-release.aar] AndroidManifest.xml:211:9-219:20
146            android:name="io.dcloud.common.adapter.io.DownloadReceiver"
146-->[lib.5plus.base-release.aar] AndroidManifest.xml:212:13-72
147            android:exported="false" >
147-->[lib.5plus.base-release.aar] AndroidManifest.xml:213:13-37
148            <intent-filter>
148-->[lib.5plus.base-release.aar] AndroidManifest.xml:214:13-218:29
149                <action android:name="android.intent.action.PACKAGE_ADDED" />
149-->[lib.5plus.base-release.aar] AndroidManifest.xml:215:17-78
149-->[lib.5plus.base-release.aar] AndroidManifest.xml:215:25-75
150
151                <data android:scheme="package" /> <!-- HERE! -->
151-->src/main/AndroidManifest.xml:41:17-52
151-->src/main/AndroidManifest.xml:41:23-49
152            </intent-filter>
153        </receiver> <!-- gallery******start -->
154        <activity
154-->[lib.5plus.base-release.aar] AndroidManifest.xml:222:9-227:63
155            android:name="com.dmcbig.mediapicker.PickerActivity"
155-->[lib.5plus.base-release.aar] AndroidManifest.xml:223:13-65
156            android:configChanges="orientation|screenSize"
156-->[lib.5plus.base-release.aar] AndroidManifest.xml:224:13-59
157            android:exported="false"
157-->[lib.5plus.base-release.aar] AndroidManifest.xml:225:13-37
158            android:theme="@style/DeviceDefault.Light"
158-->[lib.5plus.base-release.aar] AndroidManifest.xml:226:13-55
159            android:windowSoftInputMode="stateAlwaysHidden" />
159-->[lib.5plus.base-release.aar] AndroidManifest.xml:227:13-60
160        <activity
160-->[lib.5plus.base-release.aar] AndroidManifest.xml:228:9-233:63
161            android:name="com.dmcbig.mediapicker.PreviewActivity"
161-->[lib.5plus.base-release.aar] AndroidManifest.xml:229:13-66
162            android:configChanges="orientation|screenSize"
162-->[lib.5plus.base-release.aar] AndroidManifest.xml:230:13-59
163            android:exported="false"
163-->[lib.5plus.base-release.aar] AndroidManifest.xml:231:13-37
164            android:theme="@style/DeviceDefault.Light"
164-->[lib.5plus.base-release.aar] AndroidManifest.xml:232:13-55
165            android:windowSoftInputMode="stateAlwaysHidden" /> <!-- gallery******end -->
165-->[lib.5plus.base-release.aar] AndroidManifest.xml:233:13-60
166        <provider
166-->[lib.5plus.base-release.aar] AndroidManifest.xml:236:9-244:20
167            android:name="io.dcloud.common.util.DCloud_FileProvider"
167-->[lib.5plus.base-release.aar] AndroidManifest.xml:237:13-69
168            android:authorities="com.finogeeks.test.app.dc.fileprovider"
168-->[lib.5plus.base-release.aar] AndroidManifest.xml:238:13-67
169            android:exported="false"
169-->[lib.5plus.base-release.aar] AndroidManifest.xml:239:13-37
170            android:grantUriPermissions="true" >
170-->[lib.5plus.base-release.aar] AndroidManifest.xml:240:13-47
171            <meta-data
171-->[lib.5plus.base-release.aar] AndroidManifest.xml:241:13-243:64
172                android:name="android.support.FILE_PROVIDER_PATHS"
172-->[lib.5plus.base-release.aar] AndroidManifest.xml:242:17-67
173                android:resource="@xml/dcloud_file_provider" />
173-->[lib.5plus.base-release.aar] AndroidManifest.xml:243:17-61
174        </provider>
175        <!--
176            <meta-data
177            android:name="DCLOUD_STREAMAPP_CHANNEL"
178            android:value="io.dcloud.%APPID%|%APPID%|" />
179        -->
180        <meta-data
180-->[lib.5plus.base-release.aar] AndroidManifest.xml:251:9-253:35
181            android:name="android.max_aspect"
181-->[lib.5plus.base-release.aar] AndroidManifest.xml:252:13-46
182            android:value="2.4" />
182-->[lib.5plus.base-release.aar] AndroidManifest.xml:253:13-32
183
184        <activity
184-->[lib.5plus.base-release.aar] AndroidManifest.xml:255:9-260:63
185            android:name="io.dcloud.feature.gallery.imageedit.IMGEditActivity"
185-->[lib.5plus.base-release.aar] AndroidManifest.xml:256:13-79
186            android:configChanges="orientation|keyboardHidden|screenSize"
186-->[lib.5plus.base-release.aar] AndroidManifest.xml:257:13-74
187            android:exported="false"
187-->[lib.5plus.base-release.aar] AndroidManifest.xml:258:13-37
188            android:theme="@style/ImageEditTheme"
188-->[lib.5plus.base-release.aar] AndroidManifest.xml:259:13-50
189            android:windowSoftInputMode="stateAlwaysHidden" />
189-->[lib.5plus.base-release.aar] AndroidManifest.xml:260:13-60
190
191        <service
191-->[lib.5plus.base-release.aar] AndroidManifest.xml:262:9-265:72
192            android:name="io.dcloud.ads.base.service.DownloadService"
192-->[lib.5plus.base-release.aar] AndroidManifest.xml:263:13-70
193            android:exported="false"
193-->[lib.5plus.base-release.aar] AndroidManifest.xml:264:13-37
194            android:permission="android.permission.BIND_JOB_SERVICE" />
194-->[lib.5plus.base-release.aar] AndroidManifest.xml:265:13-69
195
196        <receiver
196-->[uniapp-v8-release.aar] AndroidManifest.xml:30:9-34:20
197            android:name="com.taobao.weex.WXGlobalEventReceiver"
197-->[uniapp-v8-release.aar] AndroidManifest.xml:31:13-65
198            android:enabled="true"
198-->[uniapp-v8-release.aar] AndroidManifest.xml:32:13-35
199            android:exported="false" >
199-->[uniapp-v8-release.aar] AndroidManifest.xml:33:13-37
200        </receiver>
201
202        <service android:name="com.finogeeks.lib.applet.remote.ExtensionApiService" />
202-->[:uniplugins_mopsdk] AndroidManifest.xml:32:9-87
202-->[:uniplugins_mopsdk] AndroidManifest.xml:32:18-84
203        <service android:name="com.finogeeks.lib.applet.remote.ExtensionWebApiService" />
203-->[:uniplugins_mopsdk] AndroidManifest.xml:33:9-90
203-->[:uniplugins_mopsdk] AndroidManifest.xml:33:18-87
204        <service
204-->[:uniplugins_mopsdk] AndroidManifest.xml:34:9-44:19
205            android:name="com.finogeeks.lib.applet.ipc.FinAppAIDLService"
205-->[:uniplugins_mopsdk] AndroidManifest.xml:35:13-74
206            android:enabled="true"
206-->[:uniplugins_mopsdk] AndroidManifest.xml:36:13-35
207            android:exported="false"
207-->[:uniplugins_mopsdk] AndroidManifest.xml:37:13-37
208            android:permission="com.finogeeks.test.app.permission.APP_AIDL_SERVER" >
208-->[:uniplugins_mopsdk] AndroidManifest.xml:38:13-77
209            <intent-filter>
209-->[:uniplugins_mopsdk] AndroidManifest.xml:39:13-43:29
210                <action android:name="com.finogeeks.test.app.action.APP_AIDL_SERVER" />
210-->[:uniplugins_mopsdk] AndroidManifest.xml:40:17-82
210-->[:uniplugins_mopsdk] AndroidManifest.xml:40:25-79
211
212                <category android:name="android.intent.category.DEFAULT" />
212-->src/main/AndroidManifest.xml:38:17-76
212-->src/main/AndroidManifest.xml:38:27-73
213            </intent-filter>
214        </service>
215        <service android:name="com.finogeeks.lib.applet.modules.service.ForegroundService" />
215-->[:uniplugins_mopsdk] AndroidManifest.xml:45:9-94
215-->[:uniplugins_mopsdk] AndroidManifest.xml:45:18-91
216        <service
216-->[:uniplugins_mopsdk] AndroidManifest.xml:46:9-50:40
217            android:name="com.finogeeks.lib.applet.media.video.server.PlayerService"
217-->[:uniplugins_mopsdk] AndroidManifest.xml:47:13-85
218            android:enabled="true"
218-->[:uniplugins_mopsdk] AndroidManifest.xml:48:13-35
219            android:exported="false"
219-->[:uniplugins_mopsdk] AndroidManifest.xml:49:13-37
220            android:process=":media" />
220-->[:uniplugins_mopsdk] AndroidManifest.xml:50:13-37
221
222        <activity
222-->[:uniplugins_mopsdk] AndroidManifest.xml:52:9-58:58
223            android:name="com.finogeeks.lib.applet.main.FinAppHomeActivity$AppHome0"
223-->[:uniplugins_mopsdk] AndroidManifest.xml:53:13-85
224            android:configChanges="orientation|screenSize|keyboardHidden|uiMode"
224-->[:uniplugins_mopsdk] AndroidManifest.xml:54:13-81
225            android:process=":FinApp0"
225-->[:uniplugins_mopsdk] AndroidManifest.xml:55:13-39
226            android:taskAffinity=".com.finogeeks.test.app.FinApp0"
226-->[:uniplugins_mopsdk] AndroidManifest.xml:56:13-61
227            android:theme="@style/FinAppletTheme"
227-->[:uniplugins_mopsdk] AndroidManifest.xml:57:13-50
228            android:windowSoftInputMode="adjustResize" />
228-->[:uniplugins_mopsdk] AndroidManifest.xml:58:13-55
229        <activity
229-->[:uniplugins_mopsdk] AndroidManifest.xml:59:9-65:58
230            android:name="com.finogeeks.lib.applet.main.FinAppHomeActivity$AppHome1"
230-->[:uniplugins_mopsdk] AndroidManifest.xml:60:13-85
231            android:configChanges="orientation|screenSize|keyboardHidden|uiMode"
231-->[:uniplugins_mopsdk] AndroidManifest.xml:61:13-81
232            android:process=":FinApp1"
232-->[:uniplugins_mopsdk] AndroidManifest.xml:62:13-39
233            android:taskAffinity=".com.finogeeks.test.app.FinApp1"
233-->[:uniplugins_mopsdk] AndroidManifest.xml:63:13-61
234            android:theme="@style/FinAppletTheme"
234-->[:uniplugins_mopsdk] AndroidManifest.xml:64:13-50
235            android:windowSoftInputMode="adjustResize" />
235-->[:uniplugins_mopsdk] AndroidManifest.xml:65:13-55
236        <activity
236-->[:uniplugins_mopsdk] AndroidManifest.xml:66:9-72:58
237            android:name="com.finogeeks.lib.applet.main.FinAppHomeActivity$AppHome2"
237-->[:uniplugins_mopsdk] AndroidManifest.xml:67:13-85
238            android:configChanges="orientation|screenSize|keyboardHidden|uiMode"
238-->[:uniplugins_mopsdk] AndroidManifest.xml:68:13-81
239            android:process=":FinApp2"
239-->[:uniplugins_mopsdk] AndroidManifest.xml:69:13-39
240            android:taskAffinity=".com.finogeeks.test.app.FinApp2"
240-->[:uniplugins_mopsdk] AndroidManifest.xml:70:13-61
241            android:theme="@style/FinAppletTheme"
241-->[:uniplugins_mopsdk] AndroidManifest.xml:71:13-50
242            android:windowSoftInputMode="adjustResize" />
242-->[:uniplugins_mopsdk] AndroidManifest.xml:72:13-55
243        <activity
243-->[:uniplugins_mopsdk] AndroidManifest.xml:73:9-79:58
244            android:name="com.finogeeks.lib.applet.main.FinAppHomeActivity$AppHome3"
244-->[:uniplugins_mopsdk] AndroidManifest.xml:74:13-85
245            android:configChanges="orientation|screenSize|keyboardHidden|uiMode"
245-->[:uniplugins_mopsdk] AndroidManifest.xml:75:13-81
246            android:process=":FinApp3"
246-->[:uniplugins_mopsdk] AndroidManifest.xml:76:13-39
247            android:taskAffinity=".com.finogeeks.test.app.FinApp3"
247-->[:uniplugins_mopsdk] AndroidManifest.xml:77:13-61
248            android:theme="@style/FinAppletTheme"
248-->[:uniplugins_mopsdk] AndroidManifest.xml:78:13-50
249            android:windowSoftInputMode="adjustResize" />
249-->[:uniplugins_mopsdk] AndroidManifest.xml:79:13-55
250        <activity
250-->[:uniplugins_mopsdk] AndroidManifest.xml:80:9-86:58
251            android:name="com.finogeeks.lib.applet.main.FinAppHomeActivity$AppHome4"
251-->[:uniplugins_mopsdk] AndroidManifest.xml:81:13-85
252            android:configChanges="orientation|screenSize|keyboardHidden|uiMode"
252-->[:uniplugins_mopsdk] AndroidManifest.xml:82:13-81
253            android:process=":FinApp4"
253-->[:uniplugins_mopsdk] AndroidManifest.xml:83:13-39
254            android:taskAffinity=".com.finogeeks.test.app.FinApp4"
254-->[:uniplugins_mopsdk] AndroidManifest.xml:84:13-61
255            android:theme="@style/FinAppletTheme"
255-->[:uniplugins_mopsdk] AndroidManifest.xml:85:13-50
256            android:windowSoftInputMode="adjustResize" />
256-->[:uniplugins_mopsdk] AndroidManifest.xml:86:13-55
257        <activity
257-->[:uniplugins_mopsdk] AndroidManifest.xml:87:9-91:53
258            android:name="com.finogeeks.lib.applet.scancode.ui.activity.ScanCaptureActivity"
258-->[:uniplugins_mopsdk] AndroidManifest.xml:88:13-93
259            android:configChanges="orientation|keyboardHidden|screenSize"
259-->[:uniplugins_mopsdk] AndroidManifest.xml:89:13-74
260            android:screenOrientation="portrait"
260-->[:uniplugins_mopsdk] AndroidManifest.xml:90:13-49
261            android:theme="@style/FinAppletTheme" />
261-->[:uniplugins_mopsdk] AndroidManifest.xml:91:13-50
262        <activity
262-->[:uniplugins_mopsdk] AndroidManifest.xml:92:9-96:73
263            android:name="com.finogeeks.lib.applet.modules.mediaviewer.MediaViewerActivity"
263-->[:uniplugins_mopsdk] AndroidManifest.xml:93:13-92
264            android:configChanges="orientation|screenSize"
264-->[:uniplugins_mopsdk] AndroidManifest.xml:94:13-59
265            android:multiprocess="true"
265-->[:uniplugins_mopsdk] AndroidManifest.xml:95:13-40
266            android:theme="@style/FinAppletTheme.MediaViewerActivity" />
266-->[:uniplugins_mopsdk] AndroidManifest.xml:96:13-70
267        <activity
267-->[:uniplugins_mopsdk] AndroidManifest.xml:97:9-101:53
268            android:name="com.finogeeks.lib.applet.modules.documentviewer.DocumentViewerActivity"
268-->[:uniplugins_mopsdk] AndroidManifest.xml:98:13-98
269            android:configChanges="orientation|screenSize"
269-->[:uniplugins_mopsdk] AndroidManifest.xml:99:13-59
270            android:multiprocess="true"
270-->[:uniplugins_mopsdk] AndroidManifest.xml:100:13-40
271            android:theme="@style/FinAppletTheme" />
271-->[:uniplugins_mopsdk] AndroidManifest.xml:101:13-50
272        <activity
272-->[:uniplugins_mopsdk] AndroidManifest.xml:102:9-107:53
273            android:name="com.finogeeks.lib.applet.modules.about.AboutAppletActivity"
273-->[:uniplugins_mopsdk] AndroidManifest.xml:103:13-86
274            android:configChanges="orientation|screenSize"
274-->[:uniplugins_mopsdk] AndroidManifest.xml:104:13-59
275            android:multiprocess="true"
275-->[:uniplugins_mopsdk] AndroidManifest.xml:105:13-40
276            android:screenOrientation="portrait"
276-->[:uniplugins_mopsdk] AndroidManifest.xml:106:13-49
277            android:theme="@style/FinAppletTheme" />
277-->[:uniplugins_mopsdk] AndroidManifest.xml:107:13-50
278        <activity
278-->[:uniplugins_mopsdk] AndroidManifest.xml:108:9-122:20
279            android:name="com.finogeeks.lib.applet.modules.urlrouter.UrlRouterActivity"
279-->[:uniplugins_mopsdk] AndroidManifest.xml:109:13-88
280            android:configChanges="orientation|screenSize"
280-->[:uniplugins_mopsdk] AndroidManifest.xml:110:13-59
281            android:excludeFromRecents="true"
281-->[:uniplugins_mopsdk] AndroidManifest.xml:111:13-46
282            android:exported="true"
282-->[:uniplugins_mopsdk] AndroidManifest.xml:112:13-36
283            android:theme="@style/FinAppletTranslucentTheme" >
283-->[:uniplugins_mopsdk] AndroidManifest.xml:113:13-61
284            <intent-filter android:label="@string/app_name" >
284-->[:uniplugins_mopsdk] AndroidManifest.xml:114:13-121:29
284-->[:uniplugins_mopsdk] AndroidManifest.xml:114:28-60
285                <data android:scheme="@string/fin_applet_router_url_scheme" />
285-->src/main/AndroidManifest.xml:41:17-52
285-->src/main/AndroidManifest.xml:41:23-49
286
287                <action android:name="android.intent.action.VIEW" />
287-->src/main/AndroidManifest.xml:40:17-69
287-->src/main/AndroidManifest.xml:40:25-66
288
289                <category android:name="android.intent.category.DEFAULT" />
289-->src/main/AndroidManifest.xml:38:17-76
289-->src/main/AndroidManifest.xml:38:27-73
290                <category android:name="android.intent.category.BROWSABLE" />
290-->src/main/AndroidManifest.xml:39:17-78
290-->src/main/AndroidManifest.xml:39:27-75
291            </intent-filter>
292        </activity>
293        <activity
293-->[:uniplugins_mopsdk] AndroidManifest.xml:123:9-128:53
294            android:name="com.finogeeks.lib.applet.modules.webview.WebViewActivity"
294-->[:uniplugins_mopsdk] AndroidManifest.xml:124:13-84
295            android:configChanges="orientation|screenSize"
295-->[:uniplugins_mopsdk] AndroidManifest.xml:125:13-59
296            android:label="@string/fin_applet_more_menu_feedback_and_complaint"
296-->[:uniplugins_mopsdk] AndroidManifest.xml:126:13-80
297            android:multiprocess="true"
297-->[:uniplugins_mopsdk] AndroidManifest.xml:127:13-40
298            android:theme="@style/FinAppletTheme" />
298-->[:uniplugins_mopsdk] AndroidManifest.xml:128:13-50
299        <activity
299-->[:uniplugins_mopsdk] AndroidManifest.xml:129:9-132:53
300            android:name="com.finogeeks.lib.applet.modules.store.FinAppletTypeInfoActivity"